{
  "0 debug pnpm:scope": {
    "selected": 1
  },
  "1 info pnpm": {
    "err": {
      "name": "Error",
      "message": "not found: express",
      "code": "ENOENT",
      "stack": "Error: not found: express\n    at getNotFoundError (C:\\Users\\peleg\\AppData\\Roaming\\npm\\node_modules\\pnpm\\dist\\pnpm.cjs:21148:51)\n    at Function.whichSync [as sync] (C:\\Users\\peleg\\AppData\\Roaming\\npm\\node_modules\\pnpm\\dist\\pnpm.cjs:21225:13)\n    at getCommandAbsolutePathSync (C:\\Users\\peleg\\AppData\\Roaming\\npm\\node_modules\\pnpm\\dist\\pnpm.cjs:22903:44)\n    at default_1 (C:\\Users\\peleg\\AppData\\Roaming\\npm\\node_modules\\pnpm\\dist\\pnpm.cjs:22912:32)\n    at C:\\Users\\peleg\\AppData\\Roaming\\npm\\node_modules\\pnpm\\dist\\pnpm.cjs:184702:39"
    }
  },
  "2 error pnpm": {
    "code": "ERR_PNPM_RECURSIVE_EXEC_FIRST_FAIL",
    "prefix": "C:\\notch\\practice\\code_interview",
    "err": {
      "name": "pnpm",
      "message": "not found: express",
      "code": "ERR_PNPM_RECURSIVE_EXEC_FIRST_FAIL",
      "stack": "Error: not found: express\n    at getNotFoundError (C:\\Users\\peleg\\AppData\\Roaming\\npm\\node_modules\\pnpm\\dist\\pnpm.cjs:21148:51)\n    at Function.whichSync [as sync] (C:\\Users\\peleg\\AppData\\Roaming\\npm\\node_modules\\pnpm\\dist\\pnpm.cjs:21225:13)\n    at getCommandAbsolutePathSync (C:\\Users\\peleg\\AppData\\Roaming\\npm\\node_modules\\pnpm\\dist\\pnpm.cjs:22903:44)\n    at default_1 (C:\\Users\\peleg\\AppData\\Roaming\\npm\\node_modules\\pnpm\\dist\\pnpm.cjs:22912:32)\n    at C:\\Users\\peleg\\AppData\\Roaming\\npm\\node_modules\\pnpm\\dist\\pnpm.cjs:184702:39"
    }
  }
}